2023-10-03T12:55:57.759+05:30  INFO 16352 --- [restartedMain] com.techlabs.mappings.Application        : Starting Application using Java 17.0.6 with PID 16352 (D:\My Batches\Monocept July 2023\Spring Assignments\05-advancedmapping-app\target\classes started by ADMIN in D:\My Batches\Monocept July 2023\Spring Assignments\05-advancedmapping-app)
2023-10-03T12:55:57.788+05:30  INFO 16352 --- [restartedMain] com.techlabs.mappings.Application        : No active profile set, falling back to 1 default profile: "default"
2023-10-03T12:55:58.032+05:30  INFO 16352 --- [restartedMain] .e.DevToolsPropertyDefaultsPostProcessor : Devtools property defaults active! Set 'spring.devtools.add-properties' to 'false' to disable
2023-10-03T12:55:58.033+05:30  INFO 16352 --- [restartedMain] .e.DevToolsPropertyDefaultsPostProcessor : For additional web related logging consider setting the 'logging.level.web' property to 'DEBUG'
2023-10-03T12:56:00.147+05:30  INFO 16352 --- [restartedMain] .s.d.r.c.RepositoryConfigurationDelegate : Bootstrapping Spring Data JPA repositories in DEFAULT mode.
2023-10-03T12:56:00.296+05:30  INFO 16352 --- [restartedMain] .s.d.r.c.RepositoryConfigurationDelegate : Finished Spring Data repository scanning in 127 ms. Found 3 JPA repository interfaces.
2023-10-03T12:56:02.172+05:30  INFO 16352 --- [restartedMain] o.s.b.w.embedded.tomcat.TomcatWebServer  : Tomcat initialized with port(s): 8080 (http)
2023-10-03T12:56:02.199+05:30  INFO 16352 --- [restartedMain] o.apache.catalina.core.StandardService   : Starting service [Tomcat]
2023-10-03T12:56:02.201+05:30  INFO 16352 --- [restartedMain] o.apache.catalina.core.StandardEngine    : Starting Servlet engine: [Apache Tomcat/10.1.13]
2023-10-03T12:56:02.376+05:30  INFO 16352 --- [restartedMain] o.a.c.c.C.[Tomcat].[localhost].[/]       : Initializing Spring embedded WebApplicationContext
2023-10-03T12:56:02.382+05:30  INFO 16352 --- [restartedMain] w.s.c.ServletWebServerApplicationContext : Root WebApplicationContext: initialization completed in 4337 ms
2023-10-03T12:56:02.711+05:30  INFO 16352 --- [restartedMain] o.hibernate.jpa.internal.util.LogHelper  : HHH000204: Processing PersistenceUnitInfo [name: default]
2023-10-03T12:56:02.844+05:30  INFO 16352 --- [restartedMain] org.hibernate.Version                    : HHH000412: Hibernate ORM core version 6.2.9.Final
2023-10-03T12:56:02.852+05:30  INFO 16352 --- [restartedMain] org.hibernate.cfg.Environment            : HHH000406: Using bytecode reflection optimizer
2023-10-03T12:56:03.108+05:30  INFO 16352 --- [restartedMain] o.h.b.i.BytecodeProviderInitiator        : HHH000021: Bytecode provider name : bytebuddy
2023-10-03T12:56:03.397+05:30  INFO 16352 --- [restartedMain] o.s.o.j.p.SpringPersistenceUnitInfo      : No LoadTimeWeaver setup: ignoring JPA class transformer
2023-10-03T12:56:03.437+05:30  INFO 16352 --- [restartedMain] com.zaxxer.hikari.HikariDataSource       : HikariPool-1 - Starting...
2023-10-03T12:56:04.124+05:30  INFO 16352 --- [restartedMain] com.zaxxer.hikari.pool.HikariPool        : HikariPool-1 - Added connection com.mysql.cj.jdbc.ConnectionImpl@4149029d
2023-10-03T12:56:04.130+05:30  INFO 16352 --- [restartedMain] com.zaxxer.hikari.HikariDataSource       : HikariPool-1 - Start completed.
2023-10-03T12:56:04.929+05:30  INFO 16352 --- [restartedMain] o.h.b.i.BytecodeProviderInitiator        : HHH000021: Bytecode provider name : bytebuddy
2023-10-03T12:56:06.268+05:30  INFO 16352 --- [restartedMain] o.h.e.t.j.p.i.JtaPlatformInitiator       : HHH000490: Using JtaPlatform implementation: [org.hibernate.engine.transaction.jta.platform.internal.NoJtaPlatform]
2023-10-03T12:56:06.459+05:30  INFO 16352 --- [restartedMain] j.LocalContainerEntityManagerFactoryBean : Initialized JPA EntityManagerFactory for persistence unit 'default'
2023-10-03T12:56:07.251+05:30  WARN 16352 --- [restartedMain] JpaBaseConfiguration$JpaWebConfiguration : spring.jpa.open-in-view is enabled by default. Therefore, database queries may be performed during view rendering. Explicitly configure spring.jpa.open-in-view to disable this warning
2023-10-03T12:56:07.886+05:30  INFO 16352 --- [restartedMain] o.s.b.d.a.OptionalLiveReloadServer       : LiveReload server is running on port 35729
2023-10-03T12:56:07.953+05:30  INFO 16352 --- [restartedMain] o.s.b.w.embedded.tomcat.TomcatWebServer  : Tomcat started on port(s): 8080 (http) with context path ''
2023-10-03T12:56:07.973+05:30  INFO 16352 --- [restartedMain] com.techlabs.mappings.Application        : Started Application in 11.215 seconds (process running for 12.41)
2023-10-03T12:56:51.046+05:30  INFO 16352 --- [File Watcher] rtingClassPathChangeChangedEventListener : Restarting due to 1 class path change (0 additions, 0 deletions, 1 modification)
2023-10-03T12:56:51.072+05:30  INFO 16352 --- [Thread-5] o.apache.catalina.core.StandardService   : Stopping service [Tomcat]
2023-10-03T12:56:51.087+05:30  INFO 16352 --- [Thread-5] j.LocalContainerEntityManagerFactoryBean : Closing JPA EntityManagerFactory for persistence unit 'default'
2023-10-03T12:56:51.093+05:30  INFO 16352 --- [Thread-5] com.zaxxer.hikari.HikariDataSource       : HikariPool-1 - Shutdown initiated...
2023-10-03T12:56:51.123+05:30  INFO 16352 --- [Thread-5] com.zaxxer.hikari.HikariDataSource       : HikariPool-1 - Shutdown completed.
