2023-10-03T12:56:51.413+05:30  INFO 16352 --- [restartedMain] com.techlabs.mappings.Application        : Starting Application using Java 17.0.6 with PID 16352 (D:\My Batches\Monocept July 2023\Spring Assignments\05-advancedmapping-app\target\classes started by ADMIN in D:\My Batches\Monocept July 2023\Spring Assignments\05-advancedmapping-app)
2023-10-03T12:56:51.424+05:30  INFO 16352 --- [restartedMain] com.techlabs.mappings.Application        : No active profile set, falling back to 1 default profile: "default"
2023-10-03T12:56:51.874+05:30  INFO 16352 --- [restartedMain] .s.d.r.c.RepositoryConfigurationDelegate : Bootstrapping Spring Data JPA repositories in DEFAULT mode.
2023-10-03T12:56:51.922+05:30  INFO 16352 --- [restartedMain] .s.d.r.c.RepositoryConfigurationDelegate : Finished Spring Data repository scanning in 41 ms. Found 3 JPA repository interfaces.
2023-10-03T12:56:52.211+05:30  INFO 16352 --- [restartedMain] o.s.b.w.embedded.tomcat.TomcatWebServer  : Tomcat initialized with port(s): 8080 (http)
2023-10-03T12:56:52.218+05:30  INFO 16352 --- [restartedMain] o.apache.catalina.core.StandardService   : Starting service [Tomcat]
2023-10-03T12:56:52.220+05:30  INFO 16352 --- [restartedMain] o.apache.catalina.core.StandardEngine    : Starting Servlet engine: [Apache Tomcat/10.1.13]
2023-10-03T12:56:52.286+05:30  INFO 16352 --- [restartedMain] o.a.c.c.C.[Tomcat].[localhost].[/]       : Initializing Spring embedded WebApplicationContext
2023-10-03T12:56:52.303+05:30  INFO 16352 --- [restartedMain] w.s.c.ServletWebServerApplicationContext : Root WebApplicationContext: initialization completed in 865 ms
2023-10-03T12:56:52.394+05:30  INFO 16352 --- [restartedMain] o.hibernate.jpa.internal.util.LogHelper  : HHH000204: Processing PersistenceUnitInfo [name: default]
2023-10-03T12:56:52.417+05:30  INFO 16352 --- [restartedMain] o.h.b.i.BytecodeProviderInitiator        : HHH000021: Bytecode provider name : bytebuddy
2023-10-03T12:56:52.418+05:30  INFO 16352 --- [restartedMain] o.s.o.j.p.SpringPersistenceUnitInfo      : No LoadTimeWeaver setup: ignoring JPA class transformer
2023-10-03T12:56:52.424+05:30  INFO 16352 --- [restartedMain] com.zaxxer.hikari.HikariDataSource       : HikariPool-2 - Starting...
2023-10-03T12:56:52.454+05:30  INFO 16352 --- [restartedMain] com.zaxxer.hikari.pool.HikariPool        : HikariPool-2 - Added connection com.mysql.cj.jdbc.ConnectionImpl@5154716f
2023-10-03T12:56:52.456+05:30  INFO 16352 --- [restartedMain] com.zaxxer.hikari.HikariDataSource       : HikariPool-2 - Start completed.
2023-10-03T12:56:52.504+05:30  INFO 16352 --- [restartedMain] o.h.b.i.BytecodeProviderInitiator        : HHH000021: Bytecode provider name : bytebuddy
2023-10-03T12:56:52.703+05:30  INFO 16352 --- [restartedMain] o.h.e.t.j.p.i.JtaPlatformInitiator       : HHH000490: Using JtaPlatform implementation: [org.hibernate.engine.transaction.jta.platform.internal.NoJtaPlatform]
2023-10-03T12:56:52.865+05:30  INFO 16352 --- [restartedMain] j.LocalContainerEntityManagerFactoryBean : Initialized JPA EntityManagerFactory for persistence unit 'default'
2023-10-03T12:56:53.217+05:30  WARN 16352 --- [restartedMain] JpaBaseConfiguration$JpaWebConfiguration : spring.jpa.open-in-view is enabled by default. Therefore, database queries may be performed during view rendering. Explicitly configure spring.jpa.open-in-view to disable this warning
2023-10-03T12:56:53.416+05:30  INFO 16352 --- [restartedMain] o.s.b.d.a.OptionalLiveReloadServer       : LiveReload server is running on port 35729
2023-10-03T12:56:53.433+05:30  INFO 16352 --- [restartedMain] o.s.b.w.embedded.tomcat.TomcatWebServer  : Tomcat started on port(s): 8080 (http) with context path ''
2023-10-03T12:56:53.442+05:30  INFO 16352 --- [restartedMain] com.techlabs.mappings.Application        : Started Application in 2.126 seconds (process running for 57.879)
2023-10-03T12:56:53.449+05:30  INFO 16352 --- [restartedMain] .ConditionEvaluationDeltaLoggingListener : Condition evaluation unchanged
