2023-10-26T16:20:56.306+05:30  INFO 8628 --- [restartedMain] com.techlabs.mappings.Application        : Starting Application using Java 17.0.6 with PID 8628 (D:\My Batches\Monocept July 2023\Spring Assignments\05-advancedmapping-app\target\classes started by ADMIN in D:\My Batches\Monocept July 2023\Spring Assignments\05-advancedmapping-app)
2023-10-26T16:20:56.392+05:30  INFO 8628 --- [restartedMain] com.techlabs.mappings.Application        : No active profile set, falling back to 1 default profile: "default"
2023-10-26T16:20:56.600+05:30  INFO 8628 --- [restartedMain] .e.DevToolsPropertyDefaultsPostProcessor : Devtools property defaults active! Set 'spring.devtools.add-properties' to 'false' to disable
2023-10-26T16:20:56.601+05:30  INFO 8628 --- [restartedMain] .e.DevToolsPropertyDefaultsPostProcessor : For additional web related logging consider setting the 'logging.level.web' property to 'DEBUG'
2023-10-26T16:20:58.322+05:30  INFO 8628 --- [restartedMain] .s.d.r.c.RepositoryConfigurationDelegate : Bootstrapping Spring Data JPA repositories in DEFAULT mode.
2023-10-26T16:20:58.483+05:30  INFO 8628 --- [restartedMain] .s.d.r.c.RepositoryConfigurationDelegate : Finished Spring Data repository scanning in 135 ms. Found 3 JPA repository interfaces.
2023-10-26T16:21:00.450+05:30  INFO 8628 --- [restartedMain] o.s.b.w.embedded.tomcat.TomcatWebServer  : Tomcat initialized with port(s): 8080 (http)
2023-10-26T16:21:00.485+05:30  INFO 8628 --- [restartedMain] o.apache.catalina.core.StandardService   : Starting service [Tomcat]
2023-10-26T16:21:00.487+05:30  INFO 8628 --- [restartedMain] o.apache.catalina.core.StandardEngine    : Starting Servlet engine: [Apache Tomcat/10.1.13]
2023-10-26T16:21:00.642+05:30  INFO 8628 --- [restartedMain] o.a.c.c.C.[Tomcat].[localhost].[/]       : Initializing Spring embedded WebApplicationContext
2023-10-26T16:21:00.643+05:30  INFO 8628 --- [restartedMain] w.s.c.ServletWebServerApplicationContext : Root WebApplicationContext: initialization completed in 4038 ms
2023-10-26T16:21:01.035+05:30  INFO 8628 --- [restartedMain] o.hibernate.jpa.internal.util.LogHelper  : HHH000204: Processing PersistenceUnitInfo [name: default]
2023-10-26T16:21:01.179+05:30  INFO 8628 --- [restartedMain] org.hibernate.Version                    : HHH000412: Hibernate ORM core version 6.2.9.Final
2023-10-26T16:21:01.187+05:30  INFO 8628 --- [restartedMain] org.hibernate.cfg.Environment            : HHH000406: Using bytecode reflection optimizer
2023-10-26T16:21:01.572+05:30  INFO 8628 --- [restartedMain] o.h.b.i.BytecodeProviderInitiator        : HHH000021: Bytecode provider name : bytebuddy
2023-10-26T16:21:01.900+05:30  INFO 8628 --- [restartedMain] o.s.o.j.p.SpringPersistenceUnitInfo      : No LoadTimeWeaver setup: ignoring JPA class transformer
2023-10-26T16:21:01.943+05:30  INFO 8628 --- [restartedMain] com.zaxxer.hikari.HikariDataSource       : HikariPool-1 - Starting...
2023-10-26T16:21:02.700+05:30  INFO 8628 --- [restartedMain] com.zaxxer.hikari.pool.HikariPool        : HikariPool-1 - Added connection com.mysql.cj.jdbc.ConnectionImpl@31fcb1a9
2023-10-26T16:21:02.711+05:30  INFO 8628 --- [restartedMain] com.zaxxer.hikari.HikariDataSource       : HikariPool-1 - Start completed.
2023-10-26T16:21:03.656+05:30  INFO 8628 --- [restartedMain] o.h.b.i.BytecodeProviderInitiator        : HHH000021: Bytecode provider name : bytebuddy
2023-10-26T16:21:05.490+05:30  INFO 8628 --- [restartedMain] o.h.e.t.j.p.i.JtaPlatformInitiator       : HHH000490: Using JtaPlatform implementation: [org.hibernate.engine.transaction.jta.platform.internal.NoJtaPlatform]
2023-10-26T16:21:05.705+05:30  INFO 8628 --- [restartedMain] j.LocalContainerEntityManagerFactoryBean : Initialized JPA EntityManagerFactory for persistence unit 'default'
2023-10-26T16:21:06.636+05:30  WARN 8628 --- [restartedMain] JpaBaseConfiguration$JpaWebConfiguration : spring.jpa.open-in-view is enabled by default. Therefore, database queries may be performed during view rendering. Explicitly configure spring.jpa.open-in-view to disable this warning
2023-10-26T16:21:07.967+05:30  INFO 8628 --- [restartedMain] o.s.s.web.DefaultSecurityFilterChain     : Will secure any request with [org.springframework.security.web.session.DisableEncodeUrlFilter@5abbec1b, org.springframework.security.web.context.request.async.WebAsyncManagerIntegrationFilter@2f8513e2, org.springframework.security.web.context.SecurityContextHolderFilter@49b8cbf5, org.springframework.security.web.header.HeaderWriterFilter@b8c9831, org.springframework.security.web.csrf.CsrfFilter@1569272, org.springframework.security.web.authentication.logout.LogoutFilter@22a87142, org.springframework.security.web.authentication.UsernamePasswordAuthenticationFilter@61188747, org.springframework.security.web.authentication.ui.DefaultLoginPageGeneratingFilter@2c277bd6, org.springframework.security.web.authentication.ui.DefaultLogoutPageGeneratingFilter@3b969928, org.springframework.security.web.authentication.www.BasicAuthenticationFilter@6873a701, org.springframework.security.web.savedrequest.RequestCacheAwareFilter@cf24a96, org.springframework.security.web.servletapi.SecurityContextHolderAwareRequestFilter@2fed0a15, org.springframework.security.web.authentication.AnonymousAuthenticationFilter@40e8904c, org.springframework.security.web.access.ExceptionTranslationFilter@7ae4c3dd, org.springframework.security.web.access.intercept.AuthorizationFilter@15941a20]
2023-10-26T16:21:08.074+05:30  INFO 8628 --- [restartedMain] o.s.b.d.a.OptionalLiveReloadServer       : LiveReload server is running on port 35729
2023-10-26T16:21:08.223+05:30  INFO 8628 --- [restartedMain] o.s.b.w.embedded.tomcat.TomcatWebServer  : Tomcat started on port(s): 8080 (http) with context path ''
2023-10-26T16:21:08.241+05:30  INFO 8628 --- [restartedMain] com.techlabs.mappings.Application        : Started Application in 12.971 seconds (process running for 14.771)
2023-10-26T16:21:19.840+05:30  INFO 8628 --- [http-nio-8080-exec-2] o.a.c.c.C.[Tomcat].[localhost].[/]       : Initializing Spring DispatcherServlet 'dispatcherServlet'
2023-10-26T16:21:19.840+05:30  INFO 8628 --- [http-nio-8080-exec-2] o.s.web.servlet.DispatcherServlet        : Initializing Servlet 'dispatcherServlet'
2023-10-26T16:21:19.844+05:30  INFO 8628 --- [http-nio-8080-exec-2] o.s.web.servlet.DispatcherServlet        : Completed initialization in 2 ms
